<?xml version="1.0" encoding="UTF-8"?>
<!-- Generated by org.testng.reporters.JUnitXMLReporter -->
<testsuite hostname="DESKTOP-3GNVT0U" ignored="0" name="Default test" tests="8" failures="0" timestamp="07 Apr 2021 20:36:31 GMT" time="2299.454" errors="0">
  <testcase name="assembly_inventory_consolidation_through_item_scanning" time="313.147" classname="com.qa.testcases.Inventory_Items_Testing"/>
  <testcase name="invalid_quantity_through_csv" time="122.042" classname="com.qa.testcases.Inventory_Items_Testing"/>
  <testcase name="consolidation_checkbox" time="213.898" classname="com.qa.testcases.Inventory_Items_Testing"/>
  <testcase name="invalidBin" time="70.061" classname="com.qa.testcases.Inventory_Items_Testing"/>
  <testcase name="processed_report" time="289.798" classname="com.qa.testcases.Inventory_Items_Testing"/>
  <testcase name="differentQuantites" time="584.561" classname="com.qa.testcases.Inventory_Items_Testing"/>
  <testcase name="assembly_inventory_consolidation_through_inventory_count" time="443.262" classname="com.qa.testcases.Inventory_Items_Testing"/>
  <testcase name="invalidQuantity" time="142.404" classname="com.qa.testcases.Inventory_Items_Testing"/>
</testsuite> <!-- Default test -->
